mode: set
github.com/marif226/bookings/internal/handlers/handlers.go:30.62,35.2 1 0
github.com/marif226/bookings/internal/handlers/handlers.go:38.51,43.2 1 1
github.com/marif226/bookings/internal/handlers/handlers.go:46.33,48.2 1 1
github.com/marif226/bookings/internal/handlers/handlers.go:51.67,54.2 1 1
github.com/marif226/bookings/internal/handlers/handlers.go:57.68,60.2 1 1
github.com/marif226/bookings/internal/handlers/handlers.go:63.71,65.2 1 1
github.com/marif226/bookings/internal/handlers/handlers.go:68.69,70.2 1 1
github.com/marif226/bookings/internal/handlers/handlers.go:73.75,75.2 1 1
github.com/marif226/bookings/internal/handlers/handlers.go:78.74,80.9 2 1
github.com/marif226/bookings/internal/handlers/handlers.go:86.2,87.16 2 1
github.com/marif226/bookings/internal/handlers/handlers.go:93.2,111.4 10 1
github.com/marif226/bookings/internal/handlers/handlers.go:80.9,84.3 3 1
github.com/marif226/bookings/internal/handlers/handlers.go:87.16,91.3 3 1
github.com/marif226/bookings/internal/handlers/handlers.go:115.78,117.16 2 1
github.com/marif226/bookings/internal/handlers/handlers.go:123.2,131.16 5 1
github.com/marif226/bookings/internal/handlers/handlers.go:136.2,137.16 2 1
github.com/marif226/bookings/internal/handlers/handlers.go:143.2,144.16 2 1
github.com/marif226/bookings/internal/handlers/handlers.go:150.2,167.19 7 1
github.com/marif226/bookings/internal/handlers/handlers.go:179.2,180.16 2 1
github.com/marif226/bookings/internal/handlers/handlers.go:186.2,195.16 3 1
github.com/marif226/bookings/internal/handlers/handlers.go:201.2,203.66 2 1
github.com/marif226/bookings/internal/handlers/handlers.go:117.16,121.3 3 1
github.com/marif226/bookings/internal/handlers/handlers.go:131.16,135.3 3 1
github.com/marif226/bookings/internal/handlers/handlers.go:137.16,141.3 3 1
github.com/marif226/bookings/internal/handlers/handlers.go:144.16,148.3 3 1
github.com/marif226/bookings/internal/handlers/handlers.go:167.19,177.3 5 1
github.com/marif226/bookings/internal/handlers/handlers.go:180.16,184.3 3 1
github.com/marif226/bookings/internal/handlers/handlers.go:195.16,199.3 3 1
github.com/marif226/bookings/internal/handlers/handlers.go:207.79,215.16 5 0
github.com/marif226/bookings/internal/handlers/handlers.go:219.2,220.16 2 0
github.com/marif226/bookings/internal/handlers/handlers.go:225.2,226.16 2 0
github.com/marif226/bookings/internal/handlers/handlers.go:231.2,231.21 1 0
github.com/marif226/bookings/internal/handlers/handlers.go:238.2,250.4 5 0
github.com/marif226/bookings/internal/handlers/handlers.go:215.16,218.3 2 0
github.com/marif226/bookings/internal/handlers/handlers.go:220.16,223.3 2 0
github.com/marif226/bookings/internal/handlers/handlers.go:226.16,229.3 2 0
github.com/marif226/bookings/internal/handlers/handlers.go:231.21,236.3 3 0
github.com/marif226/bookings/internal/handlers/handlers.go:262.79,283.16 10 0
github.com/marif226/bookings/internal/handlers/handlers.go:288.2,289.14 2 0
github.com/marif226/bookings/internal/handlers/handlers.go:283.16,286.3 2 0
github.com/marif226/bookings/internal/handlers/handlers.go:293.70,295.2 1 1
github.com/marif226/bookings/internal/handlers/handlers.go:298.81,300.9 2 0
github.com/marif226/bookings/internal/handlers/handlers.go:307.2,321.4 9 0
github.com/marif226/bookings/internal/handlers/handlers.go:300.9,305.3 4 0
github.com/marif226/bookings/internal/handlers/handlers.go:325.73,327.16 2 0
github.com/marif226/bookings/internal/handlers/handlers.go:332.2,333.9 2 0
github.com/marif226/bookings/internal/handlers/handlers.go:338.2,342.63 3 0
github.com/marif226/bookings/internal/handlers/handlers.go:327.16,330.3 2 0
github.com/marif226/bookings/internal/handlers/handlers.go:333.9,336.3 2 0
github.com/marif226/bookings/internal/handlers/handlers.go:346.71,359.16 9 0
github.com/marif226/bookings/internal/handlers/handlers.go:364.2,371.72 6 0
github.com/marif226/bookings/internal/handlers/handlers.go:359.16,362.3 2 0
